no change     /share/apps/NYUAD5/miniconda/3-4.11.0/condabin/conda
no change     /share/apps/NYUAD5/miniconda/3-4.11.0/bin/conda
no change     /share/apps/NYUAD5/miniconda/3-4.11.0/bin/conda-env
no change     /share/apps/NYUAD5/miniconda/3-4.11.0/bin/activate
no change     /share/apps/NYUAD5/miniconda/3-4.11.0/bin/deactivate
no change     /share/apps/NYUAD5/miniconda/3-4.11.0/etc/profile.d/conda.sh
no change     /share/apps/NYUAD5/miniconda/3-4.11.0/etc/fish/conf.d/conda.fish
no change     /share/apps/NYUAD5/miniconda/3-4.11.0/shell/condabin/Conda.psm1
no change     /share/apps/NYUAD5/miniconda/3-4.11.0/shell/condabin/conda-hook.ps1
no change     /share/apps/NYUAD5/miniconda/3-4.11.0/lib/python3.9/site-packages/xontrib/conda.xsh
no change     /share/apps/NYUAD5/miniconda/3-4.11.0/etc/profile.d/conda.csh
no change     /home/ss17886/.bashrc
No action taken.
Unloading module 'miniconda/3-4.11.0'
no change     /share/apps/NYUAD5/miniconda/3-4.11.0/condabin/conda
no change     /share/apps/NYUAD5/miniconda/3-4.11.0/bin/conda
no change     /share/apps/NYUAD5/miniconda/3-4.11.0/bin/conda-env
no change     /share/apps/NYUAD5/miniconda/3-4.11.0/bin/activate
no change     /share/apps/NYUAD5/miniconda/3-4.11.0/bin/deactivate
no change     /share/apps/NYUAD5/miniconda/3-4.11.0/etc/profile.d/conda.sh
no change     /share/apps/NYUAD5/miniconda/3-4.11.0/etc/fish/conf.d/conda.fish
no change     /share/apps/NYUAD5/miniconda/3-4.11.0/shell/condabin/Conda.psm1
no change     /share/apps/NYUAD5/miniconda/3-4.11.0/shell/condabin/conda-hook.ps1
no change     /share/apps/NYUAD5/miniconda/3-4.11.0/lib/python3.9/site-packages/xontrib/conda.xsh
no change     /share/apps/NYUAD5/miniconda/3-4.11.0/etc/profile.d/conda.csh
no change     /home/ss17886/.bashrc
No action taken.
Loading module 'miniconda/3-4.11.0'
[NbConvertApp] WARNING | Config option `kernel_spec_manager_class` not recognized by `NbConvertApp`.
[NbConvertApp] Converting notebook my_notebook.ipynb to notebook
[NbConvertApp] Writing 8155 bytes to executed_my_notebook.ipynb
